# JRE version: Java(TM) SE Runtime Environment (8.0_45-b14) (build 1.8.0_45-b14)
# Java VM: Java HotSpot(TM) 64-Bit Server VM (25.45-b02 mixed mode windows-amd64 compressed oops)
Heap:
 PSYoungGen      total 214016K, used 106471K [0x00000000ec700000, 0x0000000100000000, 0x0000000100000000)
  eden space 107520K, 0% used [0x00000000ec700000,0x00000000ec700000,0x00000000f3000000)
  from space 106496K, 99% used [0x00000000f9800000,0x00000000ffff9e60,0x0000000100000000)
  to   space 106496K, 0% used [0x00000000f3000000,0x00000000f3000000,0x00000000f9800000)
 ParOldGen       total 225792K, used 220369K [0x00000000c5400000, 0x00000000d3080000, 0x00000000ec700000)
  object space 225792K, 97% used [0x00000000c5400000,0x00000000d2b347b8,0x00000000d3080000)
 Metaspace       used 8811K, capacity 9038K, committed 9216K, reserved 1056768K
  class space    used 1106K, capacity 1185K, committed 1280K, reserved 1048576K
GC Heap History (10 events):
Event: 4.162 GC heap after
Heap after GC invocations=13 (full 3):
 PSYoungGen      total 151552K, used 57722K [0x00000000ec700000, 0x00000000fb100000, 0x0000000100000000)
  eden space 72192K, 0% used [0x00000000ec700000,0x00000000ec700000,0x00000000f0d80000)
  from space 79360K, 72% used [0x00000000f5d80000,0x00000000f95deb98,0x00000000fab00000)
  to   space 81920K, 0% used [0x00000000f0d80000,0x00000000f0d80000,0x00000000f5d80000)
 ParOldGen       total 225792K, used 126073K [0x00000000c5400000, 0x00000000d3080000, 0x00000000ec700000)
  object space 225792K, 55% used [0x00000000c5400000,0x00000000ccf1e7b8,0x00000000d3080000)
 Metaspace       used 8782K, capacity 8910K, committed 9216K, reserved 1056768K
  class space    used 1106K, capacity 1185K, committed 1280K, reserved 1048576K
}
Event: 4.258 GC heap before
{Heap before GC invocations=14 (full 3):
 PSYoungGen      total 151552K, used 129914K [0x00000000ec700000, 0x00000000fb100000, 0x0000000100000000)
  eden space 72192K, 100% used [0x00000000ec700000,0x00000000f0d80000,0x00000000f0d80000)
  from space 79360K, 72% used [0x00000000f5d80000,0x00000000f95deb98,0x00000000fab00000)
  to   space 81920K, 0% used [0x00000000f0d80000,0x00000000f0d80000,0x00000000f5d80000)
 ParOldGen       total 225792K, used 126073K [0x00000000c5400000, 0x00000000d3080000, 0x00000000ec700000)
  object space 225792K, 55% used [0x00000000c5400000,0x00000000ccf1e7b8,0x00000000d3080000)
 Metaspace       used 8782K, capacity 8910K, committed 9216K, reserved 1056768K
  class space    used 1106K, capacity 1185K, committed 1280K, reserved 1048576K
Event: 4.331 GC heap after
Heap after GC invocations=14 (full 3):
 PSYoungGen      total 154112K, used 57690K [0x00000000ec700000, 0x00000000fc400000, 0x0000000100000000)
  eden space 72192K, 0% used [0x00000000ec700000,0x00000000ec700000,0x00000000f0d80000)
  from space 81920K, 70% used [0x00000000f0d80000,0x00000000f45d6b98,0x00000000f5d80000)
  to   space 83968K, 0% used [0x00000000f7200000,0x00000000f7200000,0x00000000fc400000)
 ParOldGen       total 225792K, used 126073K [0x00000000c5400000, 0x00000000d3080000, 0x00000000ec700000)
  object space 225792K, 55% used [0x00000000c5400000,0x00000000ccf1e7b8,0x00000000d3080000)
 Metaspace       used 8782K, capacity 8910K, committed 9216K, reserved 1056768K
  class space    used 1106K, capacity 1185K, committed 1280K, reserved 1048576K
}
Event: 4.438 GC heap before
{Heap before GC invocations=15 (full 3):
 PSYoungGen      total 154112K, used 129882K [0x00000000ec700000, 0x00000000fc400000, 0x0000000100000000)
  eden space 72192K, 100% used [0x00000000ec700000,0x00000000f0d80000,0x00000000f0d80000)
  from space 81920K, 70% used [0x00000000f0d80000,0x00000000f45d6b98,0x00000000f5d80000)
  to   space 83968K, 0% used [0x00000000f7200000,0x00000000f7200000,0x00000000fc400000)
 ParOldGen       total 225792K, used 126073K [0x00000000c5400000, 0x00000000d3080000, 0x00000000ec700000)
  object space 225792K, 55% used [0x00000000c5400000,0x00000000ccf1e7b8,0x00000000d3080000)
 Metaspace       used 8807K, capacity 8974K, committed 9216K, reserved 1056768K
  class space    used 1106K, capacity 1185K, committed 1280K, reserved 1048576K
Event: 4.555 GC heap after
Heap after GC invocations=15 (full 3):
 PSYoungGen      total 172544K, used 60757K [0x00000000ec700000, 0x00000000fca00000, 0x0000000100000000)
  eden space 88576K, 0% used [0x00000000ec700000,0x00000000ec700000,0x00000000f1d80000)
  from space 83968K, 72% used [0x00000000f7200000,0x00000000fad55730,0x00000000fc400000)
  to   space 86528K, 0% used [0x00000000f1d80000,0x00000000f1d80000,0x00000000f7200000)
 ParOldGen       total 225792K, used 126081K [0x00000000c5400000, 0x00000000d3080000, 0x00000000ec700000)
  object space 225792K, 55% used [0x00000000c5400000,0x00000000ccf207b8,0x00000000d3080000)
 Metaspace       used 8807K, capacity 8974K, committed 9216K, reserved 1056768K
  class space    used 1106K, capacity 1185K, committed 1280K, reserved 1048576K
}
Event: 4.625 GC heap before
{Heap before GC invocations=16 (full 3):
 PSYoungGen      total 172544K, used 149333K [0x00000000ec700000, 0x00000000fca00000, 0x0000000100000000)
  eden space 88576K, 100% used [0x00000000ec700000,0x00000000f1d80000,0x00000000f1d80000)
  from space 83968K, 72% used [0x00000000f7200000,0x00000000fad55730,0x00000000fc400000)
  to   space 86528K, 0% used [0x00000000f1d80000,0x00000000f1d80000,0x00000000f7200000)
 ParOldGen       total 225792K, used 126081K [0x00000000c5400000, 0x00000000d3080000, 0x00000000ec700000)
  object space 225792K, 55% used [0x00000000c5400000,0x00000000ccf207b8,0x00000000d3080000)
 Metaspace       used 8811K, capacity 9038K, committed 9216K, reserved 1056768K
  class space    used 1106K, capacity 1185K, committed 1280K, reserved 1048576K
Event: 4.718 GC heap after
Heap after GC invocations=16 (full 3):
 PSYoungGen      total 175104K, used 86503K [0x00000000ec700000, 0x0000000100000000, 0x0000000100000000)
  eden space 88576K, 0% used [0x00000000ec700000,0x00000000ec700000,0x00000000f1d80000)
  from space 86528K, 99% used [0x00000000f1d80000,0x00000000f71f9e60,0x00000000f7200000)
  to   space 106496K, 0% used [0x00000000f9800000,0x00000000f9800000,0x0000000100000000)
 ParOldGen       total 225792K, used 151033K [0x00000000c5400000, 0x00000000d3080000, 0x00000000ec700000)
  object space 225792K, 66% used [0x00000000c5400000,0x00000000ce77e7b8,0x00000000d3080000)
 Metaspace       used 8811K, capacity 9038K, committed 9216K, reserved 1056768K
  class space    used 1106K, capacity 1185K, committed 1280K, reserved 1048576K
}
Event: 4.740 GC heap before
{Heap before GC invocations=17 (full 3):
 PSYoungGen      total 175104K, used 175079K [0x00000000ec700000, 0x0000000100000000, 0x0000000100000000)
  eden space 88576K, 100% used [0x00000000ec700000,0x00000000f1d80000,0x00000000f1d80000)
  from space 86528K, 99% used [0x00000000f1d80000,0x00000000f71f9e60,0x00000000f7200000)
  to   space 106496K, 0% used [0x00000000f9800000,0x00000000f9800000,0x0000000100000000)
 ParOldGen       total 225792K, used 151033K [0x00000000c5400000, 0x00000000d3080000, 0x00000000ec700000)
  object space 225792K, 66% used [0x00000000c5400000,0x00000000ce77e7b8,0x00000000d3080000)
 Metaspace       used 8811K, capacity 9038K, committed 9216K, reserved 1056768K
  class space    used 1106K, capacity 1185K, committed 1280K, reserved 1048576K
Event: 4.838 GC heap after
Heap after GC invocations=17 (full 3):
 PSYoungGen      total 214016K, used 106471K [0x00000000ec700000, 0x0000000100000000, 0x0000000100000000)
  eden space 107520K, 0% used [0x00000000ec700000,0x00000000ec700000,0x00000000f3000000)
  from space 106496K, 99% used [0x00000000f9800000,0x00000000ffff9e60,0x0000000100000000)
  to   space 106496K, 0% used [0x00000000f3000000,0x00000000f3000000,0x00000000f9800000)
 ParOldGen       total 225792K, used 220369K [0x00000000c5400000, 0x00000000d3080000, 0x00000000ec700000)
  object space 225792K, 97% used [0x00000000c5400000,0x00000000d2b347b8,0x00000000d3080000)
 Metaspace       used 8811K, capacity 9038K, committed 9216K, reserved 1056768K
  class space    used 1106K, capacity 1185K, committed 1280K, reserved 1048576K
}
Event: 4.838 GC heap before
{Heap before GC invocations=18 (full 4):
 PSYoungGen      total 214016K, used 106471K [0x00000000ec700000, 0x0000000100000000, 0x0000000100000000)
  eden space 107520K, 0% used [0x00000000ec700000,0x00000000ec700000,0x00000000f3000000)
  from space 106496K, 99% used [0x00000000f9800000,0x00000000ffff9e60,0x0000000100000000)
  to   space 106496K, 0% used [0x00000000f3000000,0x00000000f3000000,0x00000000f9800000)
 ParOldGen       total 225792K, used 220369K [0x00000000c5400000, 0x00000000d3080000, 0x00000000ec700000)
  object space 225792K, 97% used [0x00000000c5400000,0x00000000d2b347b8,0x00000000d3080000)
 Metaspace       used 8811K, capacity 9038K, committed 9216K, reserved 1056768K
  class space    used 1106K, capacity 1185K, committed 1280K, reserved 1048576K

