# JRE version: Java(TM) SE Runtime Environment (8.0_45-b14) (build 1.8.0_45-b14)
# Java VM: Java HotSpot(TM) 64-Bit Server VM (25.45-b02 mixed mode windows-amd64 compressed oops)
Heap:
 PSYoungGen      total 320000K, used 242811K [0x00000000ec700000, 0x0000000100000000, 0x0000000100000000)
  eden space 319488K, 76% used [0x00000000ec700000,0x00000000fb41ec80,0x00000000fff00000)
  from space 512K, 0% used [0x00000000fff00000,0x00000000fff00000,0x00000000fff80000)
  to   space 512K, 0% used [0x00000000fff80000,0x00000000fff80000,0x0000000100000000)
 ParOldGen       total 548864K, used 452320K [0x00000000c5400000, 0x00000000e6c00000, 0x00000000ec700000)
  object space 548864K, 82% used [0x00000000c5400000,0x00000000e0db81f8,0x00000000e6c00000)
 Metaspace       used 9168K, capacity 9326K, committed 9472K, reserved 1056768K
  class space    used 1147K, capacity 1217K, committed 1280K, reserved 1048576K
GC Heap History (10 events):
Event: 67.943 GC heap before
{Heap before GC invocations=266 (full 5):
 PSYoungGen      total 320000K, used 319520K [0x00000000ec700000, 0x0000000100000000, 0x0000000100000000)
  eden space 319488K, 100% used [0x00000000ec700000,0x00000000fff00000,0x00000000fff00000)
  from space 512K, 6% used [0x00000000fff80000,0x00000000fff88000,0x0000000100000000)
  to   space 512K, 0% used [0x00000000fff00000,0x00000000fff00000,0x00000000fff80000)
 ParOldGen       total 548864K, used 452320K [0x00000000c5400000, 0x00000000e6c00000, 0x00000000ec700000)
  object space 548864K, 82% used [0x00000000c5400000,0x00000000e0db81f8,0x00000000e6c00000)
 Metaspace       used 9167K, capacity 9326K, committed 9472K, reserved 1056768K
  class space    used 1147K, capacity 1217K, committed 1280K, reserved 1048576K
Event: 67.950 GC heap after
Heap after GC invocations=266 (full 5):
 PSYoungGen      total 320000K, used 0K [0x00000000ec700000, 0x0000000100000000, 0x0000000100000000)
  eden space 319488K, 0% used [0x00000000ec700000,0x00000000ec700000,0x00000000fff00000)
  from space 512K, 0% used [0x00000000fff00000,0x00000000fff00000,0x00000000fff80000)
  to   space 512K, 0% used [0x00000000fff80000,0x00000000fff80000,0x0000000100000000)
 ParOldGen       total 548864K, used 452320K [0x00000000c5400000, 0x00000000e6c00000, 0x00000000ec700000)
  object space 548864K, 82% used [0x00000000c5400000,0x00000000e0db81f8,0x00000000e6c00000)
 Metaspace       used 9167K, capacity 9326K, committed 9472K, reserved 1056768K
  class space    used 1147K, capacity 1217K, committed 1280K, reserved 1048576K
}
Event: 68.280 GC heap before
{Heap before GC invocations=267 (full 5):
 PSYoungGen      total 320000K, used 319488K [0x00000000ec700000, 0x0000000100000000, 0x0000000100000000)
  eden space 319488K, 100% used [0x00000000ec700000,0x00000000fff00000,0x00000000fff00000)
  from space 512K, 0% used [0x00000000fff00000,0x00000000fff00000,0x00000000fff80000)
  to   space 512K, 0% used [0x00000000fff80000,0x00000000fff80000,0x0000000100000000)
 ParOldGen       total 548864K, used 452320K [0x00000000c5400000, 0x00000000e6c00000, 0x00000000ec700000)
  object space 548864K, 82% used [0x00000000c5400000,0x00000000e0db81f8,0x00000000e6c00000)
 Metaspace       used 9168K, capacity 9326K, committed 9472K, reserved 1056768K
  class space    used 1147K, capacity 1217K, committed 1280K, reserved 1048576K
Event: 68.289 GC heap after
Heap after GC invocations=267 (full 5):
 PSYoungGen      total 320000K, used 32K [0x00000000ec700000, 0x0000000100000000, 0x0000000100000000)
  eden space 319488K, 0% used [0x00000000ec700000,0x00000000ec700000,0x00000000fff00000)
  from space 512K, 6% used [0x00000000fff80000,0x00000000fff88000,0x0000000100000000)
  to   space 512K, 0% used [0x00000000fff00000,0x00000000fff00000,0x00000000fff80000)
 ParOldGen       total 548864K, used 452320K [0x00000000c5400000, 0x00000000e6c00000, 0x00000000ec700000)
  object space 548864K, 82% used [0x00000000c5400000,0x00000000e0db81f8,0x00000000e6c00000)
 Metaspace       used 9168K, capacity 9326K, committed 9472K, reserved 1056768K
  class space    used 1147K, capacity 1217K, committed 1280K, reserved 1048576K
}
Event: 68.652 GC heap before
{Heap before GC invocations=268 (full 5):
 PSYoungGen      total 320000K, used 319520K [0x00000000ec700000, 0x0000000100000000, 0x0000000100000000)
  eden space 319488K, 100% used [0x00000000ec700000,0x00000000fff00000,0x00000000fff00000)
  from space 512K, 6% used [0x00000000fff80000,0x00000000fff88000,0x0000000100000000)
  to   space 512K, 0% used [0x00000000fff00000,0x00000000fff00000,0x00000000fff80000)
 ParOldGen       total 548864K, used 452320K [0x00000000c5400000, 0x00000000e6c00000, 0x00000000ec700000)
  object space 548864K, 82% used [0x00000000c5400000,0x00000000e0db81f8,0x00000000e6c00000)
 Metaspace       used 9168K, capacity 9326K, committed 9472K, reserved 1056768K
  class space    used 1147K, capacity 1217K, committed 1280K, reserved 1048576K
Event: 68.659 GC heap after
Heap after GC invocations=268 (full 5):
 PSYoungGen      total 320000K, used 32K [0x00000000ec700000, 0x0000000100000000, 0x0000000100000000)
  eden space 319488K, 0% used [0x00000000ec700000,0x00000000ec700000,0x00000000fff00000)
  from space 512K, 6% used [0x00000000fff00000,0x00000000fff08000,0x00000000fff80000)
  to   space 512K, 0% used [0x00000000fff80000,0x00000000fff80000,0x0000000100000000)
 ParOldGen       total 548864K, used 452320K [0x00000000c5400000, 0x00000000e6c00000, 0x00000000ec700000)
  object space 548864K, 82% used [0x00000000c5400000,0x00000000e0db81f8,0x00000000e6c00000)
 Metaspace       used 9168K, capacity 9326K, committed 9472K, reserved 1056768K
  class space    used 1147K, capacity 1217K, committed 1280K, reserved 1048576K
}
Event: 69.013 GC heap before
{Heap before GC invocations=269 (full 5):
 PSYoungGen      total 320000K, used 319520K [0x00000000ec700000, 0x0000000100000000, 0x0000000100000000)
  eden space 319488K, 100% used [0x00000000ec700000,0x00000000fff00000,0x00000000fff00000)
  from space 512K, 6% used [0x00000000fff00000,0x00000000fff08000,0x00000000fff80000)
  to   space 512K, 0% used [0x00000000fff80000,0x00000000fff80000,0x0000000100000000)
 ParOldGen       total 548864K, used 452320K [0x00000000c5400000, 0x00000000e6c00000, 0x00000000ec700000)
  object space 548864K, 82% used [0x00000000c5400000,0x00000000e0db81f8,0x00000000e6c00000)
 Metaspace       used 9168K, capacity 9326K, committed 9472K, reserved 1056768K
  class space    used 1147K, capacity 1217K, committed 1280K, reserved 1048576K
Event: 69.020 GC heap after
Heap after GC invocations=269 (full 5):
 PSYoungGen      total 320000K, used 32K [0x00000000ec700000, 0x0000000100000000, 0x0000000100000000)
  eden space 319488K, 0% used [0x00000000ec700000,0x00000000ec700000,0x00000000fff00000)
  from space 512K, 6% used [0x00000000fff80000,0x00000000fff88000,0x0000000100000000)
  to   space 512K, 0% used [0x00000000fff00000,0x00000000fff00000,0x00000000fff80000)
 ParOldGen       total 548864K, used 452320K [0x00000000c5400000, 0x00000000e6c00000, 0x00000000ec700000)
  object space 548864K, 82% used [0x00000000c5400000,0x00000000e0db81f8,0x00000000e6c00000)
 Metaspace       used 9168K, capacity 9326K, committed 9472K, reserved 1056768K
  class space    used 1147K, capacity 1217K, committed 1280K, reserved 1048576K
}
Event: 69.354 GC heap before
{Heap before GC invocations=270 (full 5):
 PSYoungGen      total 320000K, used 319520K [0x00000000ec700000, 0x0000000100000000, 0x0000000100000000)
  eden space 319488K, 100% used [0x00000000ec700000,0x00000000fff00000,0x00000000fff00000)
  from space 512K, 6% used [0x00000000fff80000,0x00000000fff88000,0x0000000100000000)
  to   space 512K, 0% used [0x00000000fff00000,0x00000000fff00000,0x00000000fff80000)
 ParOldGen       total 548864K, used 452320K [0x00000000c5400000, 0x00000000e6c00000, 0x00000000ec700000)
  object space 548864K, 82% used [0x00000000c5400000,0x00000000e0db81f8,0x00000000e6c00000)
 Metaspace       used 9168K, capacity 9326K, committed 9472K, reserved 1056768K
  class space    used 1147K, capacity 1217K, committed 1280K, reserved 1048576K
Event: 69.361 GC heap after
Heap after GC invocations=270 (full 5):
 PSYoungGen      total 320000K, used 0K [0x00000000ec700000, 0x0000000100000000, 0x0000000100000000)
  eden space 319488K, 0% used [0x00000000ec700000,0x00000000ec700000,0x00000000fff00000)
  from space 512K, 0% used [0x00000000fff00000,0x00000000fff00000,0x00000000fff80000)
  to   space 512K, 0% used [0x00000000fff80000,0x00000000fff80000,0x0000000100000000)
 ParOldGen       total 548864K, used 452320K [0x00000000c5400000, 0x00000000e6c00000, 0x00000000ec700000)
  object space 548864K, 82% used [0x00000000c5400000,0x00000000e0db81f8,0x00000000e6c00000)
 Metaspace       used 9168K, capacity 9326K, committed 9472K, reserved 1056768K
  class space    used 1147K, capacity 1217K, committed 1280K, reserved 1048576K
}

